{"/Users/jcastiblanco/Desktop/codica/fullstack/proyectos/fullstack-javascript-project-103/src/gendiff.js": {"path":"/Users/jcastiblanco/Desktop/codica/fullstack/proyectos/fullstack-javascript-project-103/src/gendiff.js","statementMap":{"0":{"start":{"line":10,"column":16},"end":{"line":30,"column":1}},"1":{"start":{"line":11,"column":18},"end":{"line":11,"column":38}},"2":{"start":{"line":12,"column":18},"end":{"line":12,"column":38}},"3":{"start":{"line":14,"column":17},"end":{"line":14,"column":74}},"4":{"start":{"line":16,"column":17},"end":{"line":27,"column":6}},"5":{"start":{"line":17,"column":8},"end":{"line":19,"column":9}},"6":{"start":{"line":18,"column":12},"end":{"line":18,"column":47}},"7":{"start":{"line":20,"column":8},"end":{"line":22,"column":9}},"8":{"start":{"line":21,"column":12},"end":{"line":21,"column":47}},"9":{"start":{"line":23,"column":8},"end":{"line":25,"column":9}},"10":{"start":{"line":24,"column":12},"end":{"line":24,"column":74}},"11":{"start":{"line":26,"column":8},"end":{"line":26,"column":43}},"12":{"start":{"line":29,"column":4},"end":{"line":29,"column":38}}},"fnMap":{"0":{"name":"(anonymous_0)","decl":{"start":{"line":10,"column":16},"end":{"line":10,"column":17}},"loc":{"start":{"line":10,"column":42},"end":{"line":30,"column":1}},"line":10},"1":{"name":"(anonymous_1)","decl":{"start":{"line":16,"column":26},"end":{"line":16,"column":27}},"loc":{"start":{"line":16,"column":35},"end":{"line":27,"column":5}},"line":16}},"branchMap":{"0":{"loc":{"start":{"line":17,"column":8},"end":{"line":19,"column":9}},"type":"if","locations":[{"start":{"line":17,"column":8},"end":{"line":19,"column":9}},{"start":{},"end":{}}],"line":17},"1":{"loc":{"start":{"line":20,"column":8},"end":{"line":22,"column":9}},"type":"if","locations":[{"start":{"line":20,"column":8},"end":{"line":22,"column":9}},{"start":{},"end":{}}],"line":20},"2":{"loc":{"start":{"line":23,"column":8},"end":{"line":25,"column":9}},"type":"if","locations":[{"start":{"line":23,"column":8},"end":{"line":25,"column":9}},{"start":{},"end":{}}],"line":23}},"s":{"0":1,"1":1,"2":1,"3":1,"4":1,"5":5,"6":2,"7":3,"8":1,"9":2,"10":1,"11":1,"12":1},"f":{"0":1,"1":5},"b":{"0":[2,3],"1":[1,2],"2":[1,1]},"_coverageSchema":"1a1c01bbd47fc00a2c39e90264f33305004495a9","hash":"5a148df3be8f67bbb03c0fc09db25603c7873389"}
,"/Users/jcastiblanco/Desktop/codica/fullstack/proyectos/fullstack-javascript-project-103/src/parser.js": {"path":"/Users/jcastiblanco/Desktop/codica/fullstack/proyectos/fullstack-javascript-project-103/src/parser.js","statementMap":{"0":{"start":{"line":9,"column":18},"end":{"line":13,"column":1}},"1":{"start":{"line":10,"column":25},"end":{"line":10,"column":62}},"2":{"start":{"line":11,"column":24},"end":{"line":11,"column":62}},"3":{"start":{"line":12,"column":4},"end":{"line":12,"column":35}}},"fnMap":{"0":{"name":"(anonymous_0)","decl":{"start":{"line":9,"column":18},"end":{"line":9,"column":19}},"loc":{"start":{"line":9,"column":32},"end":{"line":13,"column":1}},"line":9}},"branchMap":{},"s":{"0":1,"1":2,"2":2,"3":2},"f":{"0":2},"b":{},"_coverageSchema":"1a1c01bbd47fc00a2c39e90264f33305004495a9","hash":"661f08b5d58b0625595459341467a1514761fb11"}
}
