TN:
SF:src/genDiff.js
FN:4,genDiff
FNF:1
FNH:1
FNDA:2,genDiff
DA:1,1
DA:2,1
DA:3,1
DA:4,1
DA:5,2
DA:6,2
DA:7,2
DA:8,2
DA:9,2
DA:10,2
DA:11,10
DA:12,2
DA:13,2
DA:14,10
DA:15,4
DA:16,4
DA:17,10
DA:18,2
DA:19,2
DA:20,2
DA:21,2
DA:22,2
DA:23,2
DA:24,2
DA:25,1
DA:26,1
LF:26
LH:26
BRDA:4,0,0,2
BRDA:10,1,0,10
BRDA:11,2,0,2
BRDA:13,3,0,8
BRDA:14,4,0,4
BRDA:17,5,0,2
BRF:6
BRH:6
end_of_record
TN:
SF:src/parsers.js
FN:6,parse
FNF:1
FNH:1
FNDA:6,parse
DA:1,1
DA:2,1
DA:3,1
DA:4,1
DA:5,1
DA:6,1
DA:7,6
DA:8,6
DA:9,6
DA:10,6
DA:11,2
DA:12,2
DA:13,6
DA:14,2
DA:15,2
DA:16,2
DA:17,2
DA:18,1
DA:19,1
LF:19
LH:19
BRDA:6,0,0,6
BRDA:10,1,0,2
BRDA:12,2,0,4
BRDA:13,3,0,2
BRDA:13,4,0,2
BRF:5
BRH:5
end_of_record
