TN:
SF:src/constants.js
FNF:0
FNH:0
DA:1,1
DA:2,1
DA:3,1
DA:4,1
DA:5,1
DA:6,1
LF:6
LH:6
BRDA:1,0,0,1
BRF:1
BRH:1
end_of_record
TN:
SF:src/index.js
FN:7,getFullPath
FN:9,readFile
FN:20,genDiff
FNF:3
FNH:3
FNDA:6,getFullPath
FNDA:6,readFile
FNDA:3,genDiff
DA:1,1
DA:2,1
DA:3,1
DA:4,1
DA:5,1
DA:6,1
DA:7,1
DA:8,1
DA:9,1
DA:10,6
DA:11,6
DA:12,6
DA:13,6
DA:14,6
DA:15,0
DA:16,0
DA:17,0
DA:18,1
DA:19,1
DA:20,1
DA:21,3
DA:22,3
DA:23,3
DA:24,3
DA:25,3
DA:26,3
DA:27,3
DA:28,0
DA:29,0
DA:30,0
DA:31,3
DA:32,3
DA:33,3
DA:34,3
DA:35,3
LF:35
LH:29
BRDA:1,0,0,1
BRDA:7,1,0,6
BRDA:9,2,0,6
BRDA:14,3,0,0
BRDA:20,4,0,3
BRDA:27,5,0,0
BRF:6
BRH:4
end_of_record
TN:
SF:src/formatters/index.js
FN:10,format
FNF:1
FNH:1
FNDA:3,format
DA:1,1
DA:2,1
DA:3,1
DA:4,1
DA:5,1
DA:6,1
DA:7,1
DA:8,1
DA:9,1
DA:10,1
DA:11,3
DA:12,3
DA:13,3
DA:14,0
DA:15,0
DA:16,3
DA:17,3
DA:18,3
LF:18
LH:16
BRDA:1,0,0,1
BRDA:10,1,0,3
BRDA:13,2,0,0
BRF:3
BRH:2
end_of_record
TN:
SF:src/formatters/plain.js
FN:7,buildPropertyPath
FN:8,formatValue
FN:17,nodeHandlers
FN:18,nodeHandlers
FN:22,nodeHandlers
FN:24,nodeHandlers
FN:26,nodeHandlers
FN:27,nodeHandlers
FN:31,renderToPlainText
FN:32,traverse
FNF:10
FNH:10
FNDA:11,buildPropertyPath
FNDA:13,formatValue
FNDA:5,nodeHandlers
FNDA:4,nodeHandlers
FNDA:2,nodeHandlers
FNDA:4,nodeHandlers
FNDA:1,nodeHandlers
FNDA:3,nodeHandlers
FNDA:1,renderToPlainText
FNDA:19,traverse
DA:1,1
DA:2,1
DA:3,1
DA:4,1
DA:5,1
DA:6,1
DA:7,1
DA:8,1
DA:9,13
DA:10,13
DA:11,13
DA:12,9
DA:13,13
DA:14,1
DA:15,1
DA:16,1
DA:17,1
DA:18,1
DA:19,4
DA:20,4
DA:21,1
DA:22,1
DA:23,1
DA:24,1
DA:25,1
DA:26,1
DA:27,1
DA:28,1
DA:29,1
DA:30,1
DA:31,1
DA:32,1
DA:33,1
DA:34,1
DA:35,1
DA:36,1
LF:36
LH:36
BRDA:1,0,0,1
BRDA:7,1,0,11
BRDA:8,2,0,13
BRDA:9,3,0,0
BRDA:11,4,0,4
BRDA:12,5,0,9
BRDA:13,6,0,7
BRDA:13,7,0,2
BRDA:17,8,0,5
BRDA:18,9,0,4
BRDA:22,10,0,2
BRDA:24,11,0,4
BRDA:24,12,0,14
BRDA:26,13,0,1
BRDA:26,14,0,4
BRDA:27,15,0,3
BRDA:31,16,0,1
BRDA:32,17,0,19
BRF:18
BRH:17
end_of_record
TN:
SF:src/formatters/stylish.js
FN:6,getIndentation
FN:8,formatValue
FN:18,renderFunctions
FN:22,renderFunctions
FN:26,renderFunctions
FN:27,renderFunctions
FN:28,renderFunctions
FN:29,renderFunctions
FN:37,renderAST
FN:38,iterate
FNF:10
FNH:10
FNDA:44,getIndentation
FNDA:28,formatValue
FNDA:1,renderFunctions
FNDA:4,renderFunctions
FNDA:5,renderFunctions
FNDA:2,renderFunctions
FNDA:13,renderFunctions
FNDA:4,renderFunctions
FNDA:1,renderAST
FNDA:19,iterate
DA:1,1
DA:2,1
DA:3,1
DA:4,1
DA:5,1
DA:6,1
DA:7,1
DA:8,1
DA:9,28
DA:10,8
DA:11,8
DA:12,8
DA:13,8
DA:14,8
DA:15,1
DA:16,1
DA:17,1
DA:18,1
DA:19,1
DA:20,1
DA:21,1
DA:22,1
DA:23,4
DA:24,4
DA:25,1
DA:26,1
DA:27,1
DA:28,1
DA:29,1
DA:30,4
DA:31,4
DA:32,4
DA:33,4
DA:34,1
DA:35,1
DA:36,1
DA:37,1
DA:38,1
DA:39,1
DA:40,1
DA:41,1
DA:42,1
LF:42
LH:42
BRDA:1,0,0,1
BRDA:6,1,0,44
BRDA:8,2,0,28
BRDA:9,3,0,20
BRDA:10,4,0,8
BRDA:12,5,0,10
BRDA:18,6,0,1
BRDA:19,7,0,4
BRDA:22,8,0,4
BRDA:23,9,0,14
BRDA:26,10,0,5
BRDA:27,11,0,2
BRDA:28,12,0,13
BRDA:29,13,0,4
BRDA:37,14,0,1
BRDA:38,15,0,19
BRF:16
BRH:16
end_of_record
TN:
SF:src/helpers/diff.js
FN:6,getDiff
FN:39,default
FNF:2
FNH:2
FNDA:15,getDiff
FNDA:3,default
DA:1,1
DA:2,1
DA:3,1
DA:4,1
DA:5,1
DA:6,15
DA:7,15
DA:8,15
DA:9,15
DA:10,54
DA:11,54
DA:12,54
DA:13,54
DA:14,15
DA:15,15
DA:16,54
DA:17,6
DA:18,6
DA:19,54
DA:20,12
DA:21,12
DA:22,12
DA:23,12
DA:24,12
DA:25,12
DA:26,54
DA:27,12
DA:28,12
DA:29,12
DA:30,12
DA:31,12
DA:32,12
DA:33,12
DA:34,9
DA:35,9
DA:36,15
DA:37,15
DA:38,1
DA:39,1
DA:40,3
DA:41,3
DA:42,1
LF:42
LH:42
BRDA:1,0,0,1
BRDA:6,1,0,15
BRDA:9,2,0,54
BRDA:13,3,0,15
BRDA:16,4,0,39
BRDA:16,5,0,6
BRDA:19,6,0,33
BRDA:19,7,0,15
BRDA:19,8,0,12
BRDA:26,9,0,21
BRDA:26,10,0,12
BRDA:34,11,0,9
BRDA:39,12,0,3
BRF:13
BRH:13
end_of_record
TN:
SF:src/helpers/parse.js
FN:9,parseFile
FNF:1
FNH:1
FNDA:6,parseFile
DA:1,1
DA:2,1
DA:3,1
DA:4,1
DA:5,1
DA:6,1
DA:7,1
DA:8,1
DA:9,1
DA:10,6
DA:11,6
DA:12,6
DA:13,0
DA:14,0
DA:15,6
DA:16,6
DA:17,6
DA:18,6
DA:19,0
DA:20,0
DA:21,6
LF:21
LH:17
BRDA:1,0,0,1
BRDA:9,1,0,6
BRDA:12,2,0,0
BRDA:18,3,0,0
BRF:4
BRH:2
end_of_record
